2025-06-18 15:59:18,917 - INFO - 🎲 로또 자동 구매 시작!
2025-06-18 15:59:18,917 - INFO - 🔧 통합 버전 (자동충전 기능 포함)
2025-06-18 15:59:26,263 - INFO - 🔐 동행복권 로그인...
2025-06-18 15:59:42,457 - INFO - ✅ 로그인 성공!
2025-06-18 15:59:42,458 - INFO - 💰 잔액 확인...
2025-06-18 15:59:45,157 - WARNING - 잔액을 찾을 수 없어 5000원으로 가정
2025-06-18 15:59:45,158 - INFO - 💰 잔액: 5,000원, 필요금액: 5,000원
2025-06-18 15:59:45,159 - INFO - 🎯 로또 구매 시작 (5게임)...
2025-06-18 15:59:45,160 - INFO - 📋 설정 파일 lotto_list: [{'type': '자동', 'numbers': []}, {'type': '반자동', 'numbers': [6, 11, 18]}, {'type': '수동(랜덤)', 'numbers': [11, 13, 22, 23, 26, 31]}, {'type': '수동(AI추천)', 'numbers': []}, {'type': '수동(통계분석)', 'numbers': []}]
2025-06-18 15:59:45,161 - INFO - 📋 설정 파일 확인 - 자동: []
2025-06-18 15:59:45,162 - INFO - 
2025-06-18 15:59:45,162 - INFO - 🎮 [1/5] 자동 구매 시작...
2025-06-18 15:59:45,163 - INFO - 📋 사용할 번호: []
2025-06-18 15:59:45,164 - INFO - 🎯 로또 구매 페이지 설정...
2025-06-18 15:59:58,973 - INFO - ✅ 혼합선택 탭 활성화
2025-06-18 15:59:59,019 - INFO - ✅ 적용수량 1로 설정
2025-06-18 16:00:00,059 - INFO - 자동선택 체크박스 클릭
2025-06-18 16:00:03,361 - INFO -     ✅ 자동 번호 선택 완료
2025-06-18 16:00:03,403 - INFO - 구매하기 버튼 클릭
2025-06-18 16:00:07,455 - INFO - ✅ JavaScript 함수 직접 호출 성공
2025-06-18 16:00:10,456 - INFO -     🎉 [1] 자동 구매 성공!
2025-06-18 16:00:10,803 - INFO - 📸 스크린샷 저장: purchase_1_자동_20250618_160010.png
2025-06-18 16:00:13,804 - INFO - 📋 설정 파일 확인 - 반자동: [6, 11, 18]
2025-06-18 16:00:13,804 - INFO - ✅ 설정 파일의 반자동 번호 사용: [6, 11, 18]
2025-06-18 16:00:13,806 - INFO - 
2025-06-18 16:00:13,807 - INFO - 🎮 [2/5] 반자동 구매 시작...
2025-06-18 16:00:13,807 - INFO - 📋 사용할 번호: [6, 11, 18]
2025-06-18 16:00:13,808 - INFO - 🎯 로또 구매 페이지 설정...
2025-06-18 16:00:25,361 - INFO - 🔚 5초 후 브라우저 종료...
2025-06-18 16:00:34,400 - WARNING - Retrying (Retry(total=2, connect=None, read=None, redirect=None, status=None)) after connection broken by 'NewConnectionError('<urllib3.connection.HTTPConnection object at 0x00000221D95CEC10>: Failed to establish a new connection: [WinError 10061] 대상 컴퓨터에서 연결을 거부했으므로 연결하지 못했습니다')': /session/839bd896745494148f14919e7e068fa3
2025-06-18 16:00:38,443 - WARNING - Retrying (Retry(total=1, connect=None, read=None, redirect=None, status=None)) after connection broken by 'NewConnectionError('<urllib3.connection.HTTPConnection object at 0x00000221D95CE850>: Failed to establish a new connection: [WinError 10061] 대상 컴퓨터에서 연결을 거부했으므로 연결하지 못했습니다')': /session/839bd896745494148f14919e7e068fa3
2025-06-18 16:00:42,503 - WARNING - Retrying (Retry(total=0, connect=None, read=None, redirect=None, status=None)) after connection broken by 'NewConnectionError('<urllib3.connection.HTTPConnection object at 0x00000221D96448A0>: Failed to establish a new connection: [WinError 10061] 대상 컴퓨터에서 연결을 거부했으므로 연결하지 못했습니다')': /session/839bd896745494148f14919e7e068fa3
2025-07-19 13:17:22,061 - INFO - 🎲 로또 자동 구매 시작!
2025-07-19 13:17:22,062 - INFO - 🔧 통합 버전 (자동충전 기능 포함)
2025-07-19 13:17:27,174 - INFO - 🔐 동행복권 로그인...
2025-07-19 13:17:35,449 - INFO - ✅ 로그인 성공!
2025-07-19 13:17:35,449 - INFO - 💰 잔액 확인...
2025-07-19 13:17:37,763 - INFO - ✅ 현재 잔액: 5,750원
2025-07-19 13:17:37,764 - INFO - 💰 잔액: 5,750원, 필요금액: 5,000원
2025-07-19 13:17:37,765 - INFO - 🎯 로또 구매 시작 (5게임)...
2025-07-19 13:17:37,765 - INFO - 📋 설정 파일 lotto_list: [{'type': '자동', 'numbers': []}, {'type': '반자동', 'numbers': [6, 11, 18]}, {'type': '수동(랜덤)', 'numbers': [11, 13, 22, 23, 26, 31]}, {'type': '수동(AI추천)', 'numbers': []}, {'type': '수동(통계분석)', 'numbers': []}]
2025-07-19 13:17:37,765 - INFO - 📋 설정 파일 확인 - 자동: []
2025-07-19 13:17:37,766 - INFO - 
2025-07-19 13:17:37,766 - INFO - 🎮 [1/5] 자동 구매 시작...
2025-07-19 13:17:37,766 - INFO - 📋 사용할 번호: []
2025-07-19 13:17:37,766 - INFO - 🎯 로또 구매 페이지 설정...
2025-07-19 13:17:48,883 - INFO - ✅ 혼합선택 탭 활성화
2025-07-19 13:17:48,910 - INFO - ✅ 적용수량 1로 설정
2025-07-19 13:17:49,937 - INFO - 자동선택 체크박스 클릭
2025-07-19 13:17:53,068 - INFO -     ✅ 자동 번호 선택 완료
2025-07-19 13:17:53,094 - INFO - 구매하기 버튼 클릭
2025-07-19 13:17:57,189 - INFO - ✅ JavaScript 함수 직접 호출 성공
2025-07-19 13:18:00,189 - INFO -     🎉 [1] 자동 구매 성공!
2025-07-19 13:18:00,420 - INFO - 📸 스크린샷 저장: purchase_1_자동_20250719_131800.png
2025-07-19 13:18:03,421 - INFO - 📋 설정 파일 확인 - 반자동: [6, 11, 18]
2025-07-19 13:18:03,421 - INFO - ✅ 설정 파일의 반자동 번호 사용: [6, 11, 18]
2025-07-19 13:18:03,423 - INFO - 
2025-07-19 13:18:03,423 - INFO - 🎮 [2/5] 반자동 구매 시작...
2025-07-19 13:18:03,423 - INFO - 📋 사용할 번호: [6, 11, 18]
2025-07-19 13:18:03,423 - INFO - 🎯 로또 구매 페이지 설정...
2025-07-19 13:18:07,558 - INFO - ✅ 혼합선택 탭 활성화
2025-07-19 13:18:07,581 - INFO - ✅ 적용수량 1로 설정
2025-07-19 13:18:08,582 - INFO - 반자동 번호 선택: [6, 11, 18]
2025-07-19 13:18:08,582 - INFO - 🎯 번호 6 클릭 시도...
2025-07-19 13:18:08,625 - INFO -   ✅ 방법2 성공: 라벨 클릭 (6)
2025-07-19 13:18:09,427 - INFO - 🎯 번호 11 클릭 시도...
2025-07-19 13:18:09,474 - INFO -   ✅ 방법2 성공: 라벨 클릭 (11)
2025-07-19 13:18:10,275 - INFO - 🎯 번호 18 클릭 시도...
2025-07-19 13:18:10,314 - INFO -   ✅ 방법2 성공: 라벨 클릭 (18)
2025-07-19 13:18:11,145 - INFO - 🔍 선택 확인: 3/3개 선택됨 - [6, 11, 18]
2025-07-19 13:18:11,145 - INFO - 반자동 번호 선택 결과: 3/3개
2025-07-19 13:18:11,158 - INFO - 반자동용 자동선택 체크박스 클릭
2025-07-19 13:18:14,186 - INFO -     ✅ 반자동 번호 선택 완료: [6, 11, 18]
2025-07-19 13:18:14,208 - INFO - 구매하기 버튼 클릭
2025-07-19 13:18:18,309 - INFO - ✅ JavaScript 함수 직접 호출 성공
2025-07-19 13:18:21,310 - INFO -     🎉 [2] 반자동 구매 성공!
2025-07-19 13:18:21,549 - INFO - 📸 스크린샷 저장: purchase_2_반자동_20250719_131821.png
2025-07-19 13:18:24,549 - INFO - 📋 설정 파일 확인 - 수동(랜덤): [11, 13, 22, 23, 26, 31]
2025-07-19 13:18:24,550 - INFO - ✅ 설정 파일의 수동 번호 사용: [11, 13, 22, 23, 26, 31]
2025-07-19 13:18:24,553 - INFO - 
2025-07-19 13:18:24,553 - INFO - 🎮 [3/5] 수동(랜덤) 구매 시작...
2025-07-19 13:18:24,554 - INFO - 📋 사용할 번호: [11, 13, 22, 23, 26, 31]
2025-07-19 13:18:24,554 - INFO - 🎯 로또 구매 페이지 설정...
2025-07-19 13:18:28,638 - INFO - ✅ 혼합선택 탭 활성화
2025-07-19 13:18:28,663 - INFO - ✅ 적용수량 1로 설정
2025-07-19 13:18:29,664 - INFO - 수동 번호 선택: [11, 13, 22, 23, 26, 31]
2025-07-19 13:18:29,664 - INFO - 🎯 번호 11 클릭 시도...
2025-07-19 13:18:29,696 - INFO -   ✅ 방법2 성공: 라벨 클릭 (11)
2025-07-19 13:18:30,497 - INFO - 🎯 번호 13 클릭 시도...
2025-07-19 13:18:30,535 - INFO -   ✅ 방법2 성공: 라벨 클릭 (13)
2025-07-19 13:18:31,337 - INFO - 🎯 번호 22 클릭 시도...
2025-07-19 13:18:31,372 - INFO -   ✅ 방법2 성공: 라벨 클릭 (22)
2025-07-19 13:18:32,172 - INFO - 🎯 번호 23 클릭 시도...
2025-07-19 13:18:32,209 - INFO -   ✅ 방법2 성공: 라벨 클릭 (23)
2025-07-19 13:18:33,010 - INFO - 🎯 번호 26 클릭 시도...
2025-07-19 13:18:33,049 - INFO -   ✅ 방법2 성공: 라벨 클릭 (26)
2025-07-19 13:18:33,850 - INFO - 🎯 번호 31 클릭 시도...
2025-07-19 13:18:33,891 - INFO -   ✅ 방법2 성공: 라벨 클릭 (31)
2025-07-19 13:18:34,751 - INFO - 🔍 선택 확인: 6/6개 선택됨 - [11, 13, 22, 23, 26, 31]
2025-07-19 13:18:34,751 - INFO - 수동 번호 선택 결과: 6/6개
2025-07-19 13:18:37,774 - INFO -     ✅ 수동 번호 선택 완료: [11, 13, 22, 23, 26, 31]
2025-07-19 13:18:37,795 - INFO - 구매하기 버튼 클릭
2025-07-19 13:18:41,880 - INFO - ✅ JavaScript 함수 직접 호출 성공
2025-07-19 13:18:44,880 - INFO -     🎉 [3] 수동(랜덤) 구매 성공!
2025-07-19 13:18:45,105 - INFO - 📸 스크린샷 저장: purchase_3_수동(랜덤)_20250719_131844.png
2025-07-19 13:18:48,106 - INFO - 📋 설정 파일 확인 - 수동(AI추천): []
2025-07-19 13:18:48,278 - INFO - 🤖 AI 추천 번호 생성: [1, 7, 8, 14, 40, 44]
2025-07-19 13:18:48,278 - INFO - 
2025-07-19 13:18:48,279 - INFO - 🎮 [4/5] 수동(AI추천) 구매 시작...
2025-07-19 13:18:48,280 - INFO - 📋 사용할 번호: [1, 7, 8, 14, 40, 44]
2025-07-19 13:18:48,280 - INFO - 🎯 로또 구매 페이지 설정...
2025-07-19 13:18:52,418 - INFO - ✅ 혼합선택 탭 활성화
2025-07-19 13:18:52,443 - INFO - ✅ 적용수량 1로 설정
2025-07-19 13:18:53,444 - INFO - 수동 번호 선택: [1, 7, 8, 14, 40, 44]
2025-07-19 13:18:53,444 - INFO - 🎯 번호 1 클릭 시도...
2025-07-19 13:18:53,481 - INFO -   ✅ 방법2 성공: 라벨 클릭 (1)
2025-07-19 13:18:54,282 - INFO - 🎯 번호 7 클릭 시도...
2025-07-19 13:18:54,321 - INFO -   ✅ 방법2 성공: 라벨 클릭 (7)
2025-07-19 13:18:55,122 - INFO - 🎯 번호 8 클릭 시도...
2025-07-19 13:18:55,158 - INFO -   ✅ 방법2 성공: 라벨 클릭 (8)
2025-07-19 13:18:55,960 - INFO - 🎯 번호 14 클릭 시도...
2025-07-19 13:18:56,000 - INFO -   ✅ 방법2 성공: 라벨 클릭 (14)
2025-07-19 13:18:56,801 - INFO - 🎯 번호 40 클릭 시도...
2025-07-19 13:18:56,842 - INFO -   ✅ 방법2 성공: 라벨 클릭 (40)
2025-07-19 13:18:57,644 - INFO - 🎯 번호 44 클릭 시도...
2025-07-19 13:18:57,680 - INFO -   ✅ 방법2 성공: 라벨 클릭 (44)
2025-07-19 13:18:58,533 - INFO - 🔍 선택 확인: 6/6개 선택됨 - [1, 7, 8, 14, 40, 44]
2025-07-19 13:18:58,533 - INFO - 수동 번호 선택 결과: 6/6개
2025-07-19 13:19:01,562 - INFO -     ✅ 수동 번호 선택 완료: [1, 7, 8, 14, 40, 44]
2025-07-19 13:19:01,583 - INFO - 구매하기 버튼 클릭
2025-07-19 13:19:05,662 - INFO - ✅ JavaScript 함수 직접 호출 성공
2025-07-19 13:19:08,663 - INFO -     🎉 [4] 수동(AI추천) 구매 성공!
2025-07-19 13:19:08,882 - INFO - 📸 스크린샷 저장: purchase_4_수동(AI추천)_20250719_131908.png
2025-07-19 13:19:11,883 - INFO - 📋 설정 파일 확인 - 수동(통계분석): []
2025-07-19 13:19:11,884 - INFO - 📊 통계 분석 번호 생성: [18, 7, 37, 22, 8, 25]
2025-07-19 13:19:11,886 - INFO - 
2025-07-19 13:19:11,887 - INFO - 🎮 [5/5] 수동(통계분석) 구매 시작...
2025-07-19 13:19:11,887 - INFO - 📋 사용할 번호: [18, 7, 37, 22, 8, 25]
2025-07-19 13:19:11,888 - INFO - 🎯 로또 구매 페이지 설정...
2025-07-19 13:19:16,019 - INFO - ✅ 혼합선택 탭 활성화
2025-07-19 13:19:16,047 - INFO - ✅ 적용수량 1로 설정
2025-07-19 13:19:17,048 - INFO - 수동 번호 선택: [18, 7, 37, 22, 8, 25]
2025-07-19 13:19:17,048 - INFO - 🎯 번호 18 클릭 시도...
2025-07-19 13:19:17,081 - INFO -   ✅ 방법2 성공: 라벨 클릭 (18)
2025-07-19 13:19:17,882 - INFO - 🎯 번호 7 클릭 시도...
2025-07-19 13:19:17,914 - INFO -   ✅ 방법2 성공: 라벨 클릭 (7)
2025-07-19 13:19:18,715 - INFO - 🎯 번호 37 클릭 시도...
2025-07-19 13:19:18,756 - INFO -   ✅ 방법2 성공: 라벨 클릭 (37)
2025-07-19 13:19:19,558 - INFO - 🎯 번호 22 클릭 시도...
2025-07-19 13:19:19,588 - INFO -   ✅ 방법2 성공: 라벨 클릭 (22)
2025-07-19 13:19:20,389 - INFO - 🎯 번호 8 클릭 시도...
2025-07-19 13:19:20,420 - INFO -   ✅ 방법2 성공: 라벨 클릭 (8)
2025-07-19 13:19:21,221 - INFO - 🎯 번호 25 클릭 시도...
2025-07-19 13:19:21,264 - INFO -   ✅ 방법2 성공: 라벨 클릭 (25)
2025-07-19 13:19:22,117 - INFO - 🔍 선택 확인: 6/6개 선택됨 - [18, 7, 37, 22, 8, 25]
2025-07-19 13:19:22,118 - INFO - 수동 번호 선택 결과: 6/6개
2025-07-19 13:19:25,142 - INFO -     ✅ 수동 번호 선택 완료: [18, 7, 37, 22, 8, 25]
2025-07-19 13:19:25,162 - INFO - 구매하기 버튼 클릭
2025-07-19 13:19:29,242 - INFO - ✅ JavaScript 함수 직접 호출 성공
2025-07-19 13:19:32,244 - INFO -     🎉 [5] 수동(통계분석) 구매 성공!
2025-07-19 13:19:32,488 - INFO - 📸 스크린샷 저장: purchase_5_수동(통계분석)_20250719_131932.png
2025-07-19 13:19:35,489 - INFO - 
2025-07-19 13:19:35,489 - INFO - 🎉==================================================
2025-07-19 13:19:35,490 - INFO - 🎉 로또 구매 완료!
2025-07-19 13:19:35,491 - INFO - 📊 구매 결과: 5/5게임 성공
2025-07-19 13:19:35,491 - INFO - 💰 총 구매금액: 5,000원
2025-07-19 13:19:35,491 - INFO - 💳 남은 잔액: 750원
2025-07-19 13:19:35,492 - INFO - 📸 스크린샷: screenshots/ 폴더
2025-07-19 13:19:35,492 - INFO - 🎉==================================================
2025-07-19 13:19:35,494 - INFO - 📝 구매 내역 저장 완료
2025-07-19 13:19:35,494 - INFO - 🔚 5초 후 브라우저 종료...
2025-08-05 09:24:34,688 - INFO - ✅ 자동충전 기능 활성화
2025-08-05 09:24:34,691 - INFO - ✅ 자동충전 기능 활성화
2025-08-05 09:25:00,369 - INFO - ✅ 자동충전 기능 활성화
2025-08-05 09:25:00,370 - INFO - 🎲 로또 자동 구매 시작!
2025-08-05 09:25:00,370 - INFO - 🔧 통합 버전 (자동충전 기능 포함)
2025-08-05 09:25:05,356 - INFO - 🔐 동행복권 로그인...
2025-08-05 09:25:16,980 - INFO - ✅ 로그인 성공!
2025-08-05 09:25:16,981 - INFO - 💰 잔액 확인...
2025-08-05 09:25:19,339 - WARNING - 잔액을 찾을 수 없어 5000원으로 가정
2025-08-05 09:25:19,339 - INFO - 💰 잔액: 5,000원, 필요금액: 5,000원
2025-08-05 09:25:19,339 - INFO - 🎯 로또 구매 시작 (5게임)...
2025-08-05 09:25:19,340 - INFO - 📋 설정 파일 lotto_list: [{'type': '자동', 'numbers': []}, {'type': '반자동', 'numbers': [6, 11, 18]}, {'type': '수동(랜덤)', 'numbers': [11, 13, 22, 23, 26, 31]}, {'type': '수동(AI추천)', 'numbers': []}, {'type': '수동(통계분석)', 'numbers': []}]
2025-08-05 09:25:19,340 - INFO - 📋 설정 파일 확인 - 자동: []
2025-08-05 09:25:19,341 - INFO - 
2025-08-05 09:25:19,341 - INFO - 🎮 [1/5] 자동 구매 시작...
2025-08-05 09:25:19,341 - INFO - 📋 사용할 번호: []
2025-08-05 09:25:19,341 - INFO - 🎯 로또 구매 페이지 설정...
2025-08-05 09:25:23,934 - INFO - ✅ 혼합선택 탭 활성화
2025-08-05 09:25:23,968 - INFO - ✅ 적용수량 1로 설정
2025-08-05 09:25:24,987 - INFO - 자동선택 체크박스 클릭
2025-08-05 09:25:28,118 - INFO -     ✅ 자동 번호 선택 완료
2025-08-05 09:25:28,151 - INFO - 구매하기 버튼 클릭
2025-08-05 09:25:32,243 - INFO - ✅ JavaScript 함수 직접 호출 성공
2025-08-05 09:25:35,244 - INFO -     🎉 [1] 자동 구매 성공!
2025-08-05 09:25:35,527 - INFO - 📸 스크린샷 저장: purchase_1_자동_20250805_092535.png
2025-08-05 09:25:38,527 - INFO - 📋 설정 파일 확인 - 반자동: [6, 11, 18]
2025-08-05 09:25:38,528 - INFO - ✅ 설정 파일의 반자동 번호 사용: [6, 11, 18]
2025-08-05 09:25:38,535 - INFO - 
2025-08-05 09:25:38,536 - INFO - 🎮 [2/5] 반자동 구매 시작...
2025-08-05 09:25:38,536 - INFO - 📋 사용할 번호: [6, 11, 18]
2025-08-05 09:25:38,536 - INFO - 🎯 로또 구매 페이지 설정...
2025-08-05 09:25:42,673 - INFO - ✅ 혼합선택 탭 활성화
2025-08-05 09:25:42,699 - INFO - ✅ 적용수량 1로 설정
2025-08-05 09:25:43,699 - INFO - 반자동 번호 선택: [6, 11, 18]
2025-08-05 09:25:43,700 - INFO - 🎯 번호 6 클릭 시도...
2025-08-05 09:25:43,741 - INFO -   ✅ 방법2 성공: 라벨 클릭 (6)
2025-08-05 09:25:44,542 - INFO - 🎯 번호 11 클릭 시도...
2025-08-05 09:25:44,582 - INFO -   ✅ 방법2 성공: 라벨 클릭 (11)
2025-08-05 09:25:45,383 - INFO - 🎯 번호 18 클릭 시도...
2025-08-05 09:25:45,422 - INFO -   ✅ 방법2 성공: 라벨 클릭 (18)
2025-08-05 09:25:46,252 - INFO - 🔍 선택 확인: 3/3개 선택됨 - [6, 11, 18]
2025-08-05 09:25:46,253 - INFO - 반자동 번호 선택 결과: 3/3개
2025-08-05 09:25:46,264 - INFO - 반자동용 자동선택 체크박스 클릭
2025-08-05 09:25:49,289 - INFO -     ✅ 반자동 번호 선택 완료: [6, 11, 18]
2025-08-05 09:25:49,313 - INFO - 구매하기 버튼 클릭
2025-08-05 09:25:53,436 - INFO - ✅ JavaScript 함수 직접 호출 성공
2025-08-05 09:25:56,437 - INFO -     🎉 [2] 반자동 구매 성공!
2025-08-05 09:25:56,650 - INFO - 📸 스크린샷 저장: purchase_2_반자동_20250805_092556.png
2025-08-05 09:25:59,651 - INFO - 📋 설정 파일 확인 - 수동(랜덤): [11, 13, 22, 23, 26, 31]
2025-08-05 09:25:59,652 - INFO - ✅ 설정 파일의 수동 번호 사용: [11, 13, 22, 23, 26, 31]
2025-08-05 09:25:59,654 - INFO - 
2025-08-05 09:25:59,654 - INFO - 🎮 [3/5] 수동(랜덤) 구매 시작...
2025-08-05 09:25:59,655 - INFO - 📋 사용할 번호: [11, 13, 22, 23, 26, 31]
2025-08-05 09:25:59,655 - INFO - 🎯 로또 구매 페이지 설정...
2025-08-05 09:26:03,778 - INFO - ✅ 혼합선택 탭 활성화
2025-08-05 09:26:03,802 - INFO - ✅ 적용수량 1로 설정
2025-08-05 09:26:04,803 - INFO - 수동 번호 선택: [11, 13, 22, 23, 26, 31]
2025-08-05 09:26:04,803 - INFO - 🎯 번호 11 클릭 시도...
2025-08-05 09:26:04,837 - INFO -   ✅ 방법2 성공: 라벨 클릭 (11)
2025-08-05 09:26:05,638 - INFO - 🎯 번호 13 클릭 시도...
2025-08-05 09:26:05,678 - INFO -   ✅ 방법2 성공: 라벨 클릭 (13)
2025-08-05 09:26:06,479 - INFO - 🎯 번호 22 클릭 시도...
2025-08-05 09:26:06,521 - INFO -   ✅ 방법2 성공: 라벨 클릭 (22)
2025-08-05 09:26:07,323 - INFO - 🎯 번호 23 클릭 시도...
2025-08-05 09:26:07,363 - INFO -   ✅ 방법2 성공: 라벨 클릭 (23)
2025-08-05 09:26:08,164 - INFO - 🎯 번호 26 클릭 시도...
2025-08-05 09:26:08,211 - INFO -   ✅ 방법2 성공: 라벨 클릭 (26)
2025-08-05 09:26:09,012 - INFO - 🎯 번호 31 클릭 시도...
2025-08-05 09:26:09,056 - INFO -   ✅ 방법2 성공: 라벨 클릭 (31)
2025-08-05 09:26:09,915 - INFO - 🔍 선택 확인: 6/6개 선택됨 - [11, 13, 22, 23, 26, 31]
2025-08-05 09:26:09,915 - INFO - 수동 번호 선택 결과: 6/6개
2025-08-05 09:26:12,942 - INFO -     ✅ 수동 번호 선택 완료: [11, 13, 22, 23, 26, 31]
2025-08-05 09:26:12,972 - INFO - 구매하기 버튼 클릭
2025-08-05 09:26:17,026 - INFO - ✅ JavaScript 함수 직접 호출 성공
2025-08-05 09:26:20,026 - INFO -     🎉 [3] 수동(랜덤) 구매 성공!
2025-08-05 09:26:20,232 - INFO - 📸 스크린샷 저장: purchase_3_수동(랜덤)_20250805_092620.png
2025-08-05 09:26:23,233 - INFO - 📋 설정 파일 확인 - 수동(AI추천): []
2025-08-05 09:26:23,407 - INFO - 🤖 AI 추천 번호 생성: [6, 12, 19, 23, 24, 44]
2025-08-05 09:26:23,407 - INFO - 
2025-08-05 09:26:23,409 - INFO - 🎮 [4/5] 수동(AI추천) 구매 시작...
2025-08-05 09:26:23,409 - INFO - 📋 사용할 번호: [6, 12, 19, 23, 24, 44]
2025-08-05 09:26:23,409 - INFO - 🎯 로또 구매 페이지 설정...
2025-08-05 09:26:27,550 - INFO - ✅ 혼합선택 탭 활성화
2025-08-05 09:26:27,577 - INFO - ✅ 적용수량 1로 설정
2025-08-05 09:26:28,578 - INFO - 수동 번호 선택: [6, 12, 19, 23, 24, 44]
2025-08-05 09:26:28,578 - INFO - 🎯 번호 6 클릭 시도...
2025-08-05 09:26:28,614 - INFO -   ✅ 방법2 성공: 라벨 클릭 (6)
2025-08-05 09:26:29,415 - INFO - 🎯 번호 12 클릭 시도...
2025-08-05 09:26:29,458 - INFO -   ✅ 방법2 성공: 라벨 클릭 (12)
2025-08-05 09:26:30,258 - INFO - 🎯 번호 19 클릭 시도...
2025-08-05 09:26:30,299 - INFO -   ✅ 방법2 성공: 라벨 클릭 (19)
2025-08-05 09:26:31,101 - INFO - 🎯 번호 23 클릭 시도...
2025-08-05 09:26:31,136 - INFO -   ✅ 방법2 성공: 라벨 클릭 (23)
2025-08-05 09:26:31,938 - INFO - 🎯 번호 24 클릭 시도...
2025-08-05 09:26:31,979 - INFO -   ✅ 방법2 성공: 라벨 클릭 (24)
2025-08-05 09:26:32,781 - INFO - 🎯 번호 44 클릭 시도...
2025-08-05 09:26:32,823 - INFO -   ✅ 방법2 성공: 라벨 클릭 (44)
2025-08-05 09:26:33,680 - INFO - 🔍 선택 확인: 6/6개 선택됨 - [6, 12, 19, 23, 24, 44]
2025-08-05 09:26:33,680 - INFO - 수동 번호 선택 결과: 6/6개
2025-08-05 09:26:36,713 - INFO -     ✅ 수동 번호 선택 완료: [6, 12, 19, 23, 24, 44]
2025-08-05 09:26:36,740 - INFO - 구매하기 버튼 클릭
2025-08-05 09:26:40,791 - INFO - ✅ JavaScript 함수 직접 호출 성공
2025-08-05 09:26:43,792 - INFO -     🎉 [4] 수동(AI추천) 구매 성공!
2025-08-05 09:26:44,003 - INFO - 📸 스크린샷 저장: purchase_4_수동(AI추천)_20250805_092643.png
2025-08-05 09:26:47,004 - INFO - 📋 설정 파일 확인 - 수동(통계분석): []
2025-08-05 09:26:47,005 - INFO - 📊 통계 분석 번호 생성: [18, 7, 37, 22, 8, 25]
2025-08-05 09:26:47,008 - INFO - 
2025-08-05 09:26:47,008 - INFO - 🎮 [5/5] 수동(통계분석) 구매 시작...
2025-08-05 09:26:47,008 - INFO - 📋 사용할 번호: [18, 7, 37, 22, 8, 25]
2025-08-05 09:26:47,009 - INFO - 🎯 로또 구매 페이지 설정...
2025-08-05 09:26:51,153 - INFO - ✅ 혼합선택 탭 활성화
2025-08-05 09:26:51,181 - INFO - ✅ 적용수량 1로 설정
2025-08-05 09:26:52,182 - INFO - 수동 번호 선택: [18, 7, 37, 22, 8, 25]
2025-08-05 09:26:52,182 - INFO - 🎯 번호 18 클릭 시도...
2025-08-05 09:26:52,219 - INFO -   ✅ 방법2 성공: 라벨 클릭 (18)
2025-08-05 09:26:53,022 - INFO - 🎯 번호 7 클릭 시도...
2025-08-05 09:26:53,058 - INFO -   ✅ 방법2 성공: 라벨 클릭 (7)
2025-08-05 09:26:53,860 - INFO - 🎯 번호 37 클릭 시도...
2025-08-05 09:26:53,902 - INFO -   ✅ 방법2 성공: 라벨 클릭 (37)
2025-08-05 09:26:54,703 - INFO - 🎯 번호 22 클릭 시도...
2025-08-05 09:26:54,737 - INFO -   ✅ 방법2 성공: 라벨 클릭 (22)
2025-08-05 09:26:55,538 - INFO - 🎯 번호 8 클릭 시도...
2025-08-05 09:26:55,579 - INFO -   ✅ 방법2 성공: 라벨 클릭 (8)
2025-08-05 09:26:56,381 - INFO - 🎯 번호 25 클릭 시도...
2025-08-05 09:26:56,419 - INFO -   ✅ 방법2 성공: 라벨 클릭 (25)
2025-08-05 09:26:57,272 - INFO - 🔍 선택 확인: 6/6개 선택됨 - [18, 7, 37, 22, 8, 25]
2025-08-05 09:26:57,272 - INFO - 수동 번호 선택 결과: 6/6개
2025-08-05 09:27:00,299 - INFO -     ✅ 수동 번호 선택 완료: [18, 7, 37, 22, 8, 25]
2025-08-05 09:27:00,325 - INFO - 구매하기 버튼 클릭
2025-08-05 09:27:04,377 - INFO - ✅ JavaScript 함수 직접 호출 성공
2025-08-05 09:27:07,378 - INFO -     🎉 [5] 수동(통계분석) 구매 성공!
2025-08-05 09:27:07,594 - INFO - 📸 스크린샷 저장: purchase_5_수동(통계분석)_20250805_092707.png
2025-08-05 09:27:10,595 - INFO - 
2025-08-05 09:27:10,596 - INFO - 🎉==================================================
2025-08-05 09:27:10,597 - INFO - 🎉 로또 구매 완료!
2025-08-05 09:27:10,597 - INFO - 📊 구매 결과: 5/5게임 성공
2025-08-05 09:27:10,598 - INFO - 💰 총 구매금액: 5,000원
2025-08-05 09:27:10,598 - INFO - 💳 남은 잔액: 0원
2025-08-05 09:27:10,599 - INFO - 📸 스크린샷: screenshots/ 폴더
2025-08-05 09:27:10,599 - INFO - 🎉==================================================
2025-08-05 09:27:10,602 - INFO - 📝 구매 내역 저장 완료
2025-08-05 09:27:10,602 - INFO - 🔚 5초 후 브라우저 종료...
2025-08-05 09:55:03,288 - INFO - 🚀 통합 로또 자동구매 시스템 시작
2025-08-05 09:55:05,205 - INFO - ✅ Chrome 드라이버 초기화 완료
2025-08-05 09:55:05,205 - ERROR - ❌ 사용자 ID 또는 비밀번호가 설정되지 않았습니다
2025-08-05 10:03:18,165 - INFO - ✅ 자동충전 기능 활성화
2025-08-05 10:04:14,096 - INFO - ✅ 자동충전 기능 활성화
2025-08-05 10:04:14,096 - INFO - 🎲 로또 자동 구매 시작!
2025-08-05 10:04:14,097 - INFO - 🔧 통합 버전 (자동충전 기능 포함)
2025-08-05 10:04:16,081 - INFO - 🔐 동행복권 로그인...
2025-08-05 10:04:37,104 - ERROR - 로그인 실패: Message: 

2025-08-05 10:04:37,104 - ERROR - 로그인 실패
2025-08-05 10:04:37,105 - INFO - 🔚 5초 후 브라우저 종료...
2025-08-05 10:05:11,738 - INFO - 🚀 통합 로또 자동구매 시스템 시작
2025-08-05 10:05:13,700 - INFO - ✅ Chrome 드라이버 초기화 완료
2025-08-05 10:05:13,701 - INFO - 🔐 로그인 시작
2025-08-05 10:05:19,174 - ERROR - ❌ 로그인 오류: Message: no such element: Unable to locate element: {"method":"css selector","selector":"[id="password"]"}
  (Session info: chrome=138.0.7204.169); For documentation on this error, please visit: https://www.selenium.dev/documentation/webdriver/troubleshooting/errors#no-such-element-exception
Stacktrace:
	GetHandleVerifier [0x0x7ff699bbe415+77285]
	GetHandleVerifier [0x0x7ff699bbe470+77376]
	(No symbol) [0x0x7ff699989a6a]
	(No symbol) [0x0x7ff6999e0406]
	(No symbol) [0x0x7ff6999e06bc]
	(No symbol) [0x0x7ff699a33ac7]
	(No symbol) [0x0x7ff699a0864f]
	(No symbol) [0x0x7ff699a3087f]
	(No symbol) [0x0x7ff699a083e3]
	(No symbol) [0x0x7ff6999d1521]
	(No symbol) [0x0x7ff6999d22b3]
	GetHandleVerifier [0x0x7ff699ea1efd+3107021]
	GetHandleVerifier [0x0x7ff699e9c29d+3083373]
	GetHandleVerifier [0x0x7ff699ebbedd+3213485]
	GetHandleVerifier [0x0x7ff699bd884e+184862]
	GetHandleVerifier [0x0x7ff699be055f+216879]
	GetHandleVerifier [0x0x7ff699bc7084+113236]
	GetHandleVerifier [0x0x7ff699bc7239+113673]
	GetHandleVerifier [0x0x7ff699bae298+11368]
	BaseThreadInitThunk [0x0x7ffa40b57374+20]
	RtlUserThreadStart [0x0x7ffa4213cc91+33]

2025-08-05 10:45:07,081 - INFO - ✅ 자동충전 기능 활성화
2025-08-05 10:47:06,776 - INFO - ✅ 자동충전 기능 활성화
2025-08-05 10:47:06,777 - INFO - 🎲 로또 자동 구매 시작!
2025-08-05 10:47:06,777 - INFO - 🔧 통합 버전 (자동충전 기능 포함)
2025-08-05 10:47:09,788 - INFO - 🔐 동행복권 로그인...
2025-08-05 10:47:16,744 - INFO - ✅ ID 필드 발견: userId
2025-08-05 10:47:23,854 - INFO - ✅ 비밀번호 필드 발견: password
2025-08-05 10:47:53,435 - INFO - ✅ Enter 키로 로그인 시도
2025-08-05 10:48:08,808 - INFO - ✅ 로그인 성공!
2025-08-05 10:48:08,808 - INFO - 💰 잔액 확인...
2025-08-05 10:48:11,256 - WARNING - 잔액을 찾을 수 없어 5000원으로 가정
2025-08-05 10:48:11,257 - INFO - 💰 잔액: 5,000원, 필요금액: 5,000원
2025-08-05 10:48:11,257 - INFO - 💳 자동충전 설정 확인:
2025-08-05 10:48:11,258 - INFO -   - 현재 잔액: 5,000원
2025-08-05 10:48:11,258 - INFO -   - 최소 잔액: 5,000원
2025-08-05 10:48:11,258 - INFO -   - 자동충전 설정: True
2025-08-05 10:48:11,258 - INFO -   - AutoRecharger 상태: Available
2025-08-05 10:48:11,258 - INFO - ✅ 잔액이 충분합니다 (5,000원 >= 5,000원)
2025-08-05 10:48:11,258 - INFO - 🎯 로또 구매 시작 (5게임)...
2025-08-05 10:48:11,259 - INFO - 📋 설정 파일 lotto_list: [{'type': '자동', 'numbers': []}, {'type': '반자동', 'numbers': [6, 11, 18]}, {'type': '수동(랜덤)', 'numbers': [11, 13, 22, 23, 26, 31]}, {'type': '수동(AI추천)', 'numbers': []}, {'type': '수동(통계분석)', 'numbers': []}]
2025-08-05 10:48:11,259 - INFO - 📋 설정 파일 확인 - 자동: []
2025-08-05 10:48:11,259 - INFO - 
2025-08-05 10:48:11,259 - INFO - 🎮 [1/5] 자동 구매 시작...
2025-08-05 10:48:11,259 - INFO - 📋 사용할 번호: []
2025-08-05 10:48:11,259 - INFO - 🎯 로또 구매 페이지 설정...
2025-08-05 10:48:17,247 - INFO - ✅ 혼합선택 탭 활성화
2025-08-05 10:48:17,276 - INFO - ✅ 적용수량 1로 설정
2025-08-05 10:48:18,304 - INFO - 자동선택 체크박스 클릭
2025-08-05 10:48:21,346 - INFO -     ✅ 자동 번호 선택 완료
2025-08-05 10:48:21,376 - INFO - 구매하기 버튼 클릭
2025-08-05 10:48:25,602 - INFO - ✅ JavaScript 함수 직접 호출 성공
2025-08-05 10:48:28,602 - INFO -     🎉 [1] 자동 구매 성공!
2025-08-05 10:48:28,854 - INFO - 📸 스크린샷 저장: purchase_1_자동_20250805_104828.png
2025-08-05 10:48:31,855 - INFO - 📋 설정 파일 확인 - 반자동: [6, 11, 18]
2025-08-05 10:48:31,855 - INFO - ✅ 설정 파일의 반자동 번호 사용: [6, 11, 18]
2025-08-05 10:48:31,856 - INFO - 
2025-08-05 10:48:31,857 - INFO - 🎮 [2/5] 반자동 구매 시작...
2025-08-05 10:48:31,857 - INFO - 📋 사용할 번호: [6, 11, 18]
2025-08-05 10:48:31,858 - INFO - 🎯 로또 구매 페이지 설정...
2025-08-05 10:48:36,065 - INFO - ✅ 혼합선택 탭 활성화
2025-08-05 10:48:36,094 - INFO - ✅ 적용수량 1로 설정
2025-08-05 10:48:37,095 - INFO - 반자동 번호 선택: [6, 11, 18]
2025-08-05 10:48:37,095 - INFO - 🎯 번호 6 클릭 시도...
2025-08-05 10:48:37,134 - INFO -   ✅ 방법2 성공: 라벨 클릭 (6)
2025-08-05 10:48:37,935 - INFO - 🎯 번호 11 클릭 시도...
2025-08-05 10:48:37,974 - INFO -   ✅ 방법2 성공: 라벨 클릭 (11)
2025-08-05 10:48:38,475 - INFO - 🔚 5초 후 브라우저 종료...
2025-08-05 10:48:47,524 - WARNING - Retrying (Retry(total=2, connect=None, read=None, redirect=None, status=None)) after connection broken by 'NewConnectionError('<urllib3.connection.HTTPConnection object at 0x000001C8C78706E0>: Failed to establish a new connection: [WinError 10061] 대상 컴퓨터에서 연결을 거부했으므로 연결하지 못했습니다')': /session/de9b936b771ff57e9de59f1138252dff
2025-08-05 11:04:41,988 - INFO - ✅ 자동충전 기능 활성화
2025-08-05 11:04:41,988 - INFO - 🎲 로또 자동 구매 시작!
2025-08-05 11:04:41,988 - INFO - 🔧 통합 버전 (자동충전 기능 포함)
2025-08-05 11:04:43,963 - INFO - 🔐 동행복권 로그인...
2025-08-05 11:04:50,754 - INFO - ✅ ID 필드 발견: userId
2025-08-05 11:04:57,857 - INFO - ✅ 비밀번호 필드 발견: password
2025-08-05 11:05:27,426 - INFO - ✅ Enter 키로 로그인 시도
2025-08-05 11:05:32,455 - INFO - ✅ 로그인 성공!
2025-08-05 11:05:32,455 - INFO - 💰 잔액 확인...
2025-08-05 11:05:35,771 - INFO - ✅ 방법 1로 잔액 발견: 750원
2025-08-05 11:05:35,772 - INFO - 💰 잔액: 750원, 필요금액: 5,000원
2025-08-05 11:05:35,772 - INFO - 💳 자동충전 설정 확인:
2025-08-05 11:05:35,772 - INFO -   - 현재 잔액: 750원
2025-08-05 11:05:35,773 - INFO -   - 최소 잔액: 5,000원
2025-08-05 11:05:35,773 - INFO -   - 자동충전 설정: True
2025-08-05 11:05:35,773 - INFO -   - AutoRecharger 상태: Available
2025-08-05 11:05:35,773 - INFO - 💳 잔액이 5,000원 이하입니다. 자동충전을 시도합니다.
2025-08-05 11:05:35,773 - INFO - 🔄 자동충전 시작...
2025-08-05 11:05:35,773 - INFO - 💳 자동충전 시작
2025-08-05 11:05:35,773 - INFO -   - 현재 잔액: 750원
2025-08-05 11:05:35,774 - INFO -   - 충전 금액: 50,000원
2025-08-05 11:05:35,774 - INFO -   - 충전 방법: account_transfer
2025-08-05 11:05:35,774 - INFO - 💳 계좌이체 충전 시작: 50,000원
2025-08-05 11:05:49,557 - WARNING - 계좌이체 옵션을 찾을 수 없습니다
2025-08-05 11:06:00,187 - INFO - 버튼에 없는 금액 - 직접 입력 시도
2025-08-05 11:06:10,819 - ERROR - 충전 버튼 클릭 실패: Message: 
Stacktrace:
	GetHandleVerifier [0x0x7ff699bbe415+77285]
	GetHandleVerifier [0x0x7ff699bbe470+77376]
	(No symbol) [0x0x7ff699989a6a]
	(No symbol) [0x0x7ff6999e0406]
	(No symbol) [0x0x7ff6999e06bc]
	(No symbol) [0x0x7ff699a33ac7]
	(No symbol) [0x0x7ff699a0864f]
	(No symbol) [0x0x7ff699a3087f]
	(No symbol) [0x0x7ff699a083e3]
	(No symbol) [0x0x7ff6999d1521]
	(No symbol) [0x0x7ff6999d22b3]
	GetHandleVerifier [0x0x7ff699ea1efd+3107021]
	GetHandleVerifier [0x0x7ff699e9c29d+3083373]
	GetHandleVerifier [0x0x7ff699ebbedd+3213485]
	GetHandleVerifier [0x0x7ff699bd884e+184862]
	GetHandleVerifier [0x0x7ff699be055f+216879]
	GetHandleVerifier [0x0x7ff699bc7084+113236]
	GetHandleVerifier [0x0x7ff699bc7239+113673]
	GetHandleVerifier [0x0x7ff699bae298+11368]
	BaseThreadInitThunk [0x0x7ffa40b57374+20]
	RtlUserThreadStart [0x0x7ffa4213cc91+33]

2025-08-05 11:06:10,820 - ERROR - ❌ 자동충전 실패. 수동으로 충전 후 다시 실행해주세요.
2025-08-05 11:06:10,821 - INFO - 🔚 5초 후 브라우저 종료...
2025-08-05 13:00:07,870 - INFO - ✅ OCR 엔진 초기화 성공
2025-08-05 13:00:07,870 - INFO - ✅ 자동충전 기능 활성화
2025-08-05 13:00:07,870 - INFO - 🎲 로또 자동 구매 시작!
2025-08-05 13:00:07,871 - INFO - 🔧 통합 버전 (자동충전 기능 포함)
2025-08-05 13:00:11,073 - INFO - 🔐 동행복권 로그인...
2025-08-05 13:00:16,835 - INFO - ✅ ID 필드 발견: userId
2025-08-05 13:00:23,940 - INFO - ✅ 비밀번호 필드 발견: password
2025-08-05 13:00:53,529 - INFO - ✅ Enter 키로 로그인 시도
2025-08-05 13:00:58,553 - INFO - ✅ 로그인 성공!
2025-08-05 13:00:58,553 - INFO - 💰 잔액 확인...
2025-08-05 13:01:01,755 - INFO - ✅ 방법 1로 잔액 발견: 750원
2025-08-05 13:01:01,755 - INFO - 💰 잔액: 750원, 필요금액: 5,000원
2025-08-05 13:01:01,756 - INFO - 💳 자동충전 설정 확인:
2025-08-05 13:01:01,756 - INFO -   - 현재 잔액: 750원
2025-08-05 13:01:01,756 - INFO -   - 최소 잔액: 5,000원
2025-08-05 13:01:01,757 - INFO -   - 자동충전 설정: True
2025-08-05 13:01:01,757 - INFO -   - AutoRecharger 상태: Available
2025-08-05 13:01:01,757 - INFO - 💳 잔액이 5,000원 이하입니다. 자동충전을 시도합니다.
2025-08-05 13:01:01,757 - INFO - 🔄 자동충전 시작...
2025-08-05 13:01:01,757 - INFO - 💳 자동충전 시작
2025-08-05 13:01:01,757 - INFO -   - 현재 잔액: 750원
2025-08-05 13:01:01,758 - INFO -   - 충전 금액: 50,000원
2025-08-05 13:01:01,758 - INFO - 💳 간편 충전(케이뱅크) 시도 중...
2025-08-05 13:01:01,758 - INFO - 💳 간편 충전 시작: 50,000원
2025-08-05 13:01:04,986 - INFO - 💰 충전 금액 변경: 20,000원 → 50,000원
2025-08-05 13:01:05,121 - INFO - ✅ 충전하기 버튼 클릭
2025-08-05 13:01:08,136 - INFO - ✅ 팝업 창으로 전환
2025-08-05 13:01:10,136 - INFO - 🔢 OCR 키패드 자동 입력: ******
2025-08-05 13:01:12,175 - INFO - 🔢 키패드 버튼 10개 발견
2025-08-05 13:01:12,176 - INFO - 🔍 OCR로 키패드 숫자 인식 중...
2025-08-05 13:01:14,353 - INFO - 🔍 OCR 인식 완료: 9개 숫자 발견
2025-08-05 13:01:14,391 - INFO - ✅ 숫자 '1' 클릭
2025-08-05 13:01:14,938 - INFO - ✅ 숫자 '2' 클릭
2025-08-05 13:01:15,471 - INFO - ✅ 숫자 '8' 클릭
2025-08-05 13:01:16,005 - INFO - ✅ 숫자 '5' 클릭
2025-08-05 13:01:16,541 - INFO - ✅ 숫자 '0' 클릭
2025-08-05 13:01:17,077 - INFO - ✅ 숫자 '0' 클릭
2025-08-05 13:01:17,716 - WARNING - ⚠️ 확인 버튼을 찾을 수 없습니다
2025-08-05 13:01:17,716 - INFO - ⏳ 충전 처리 대기 중...
2025-08-05 13:01:47,790 - WARNING - ⚠️ 충전 완료 확인 시간 초과
2025-08-05 13:01:47,791 - ERROR - ❌ 간편 충전 실패
2025-08-05 13:01:47,795 - WARNING - ⚠️ 간편 충전 실패, 계좌이체로 대체 시도
2025-08-05 13:01:47,796 - INFO - 💳 계좌이체 충전 시작: 50,000원
2025-08-05 13:01:47,796 - WARNING - ⚠️ 계좌이체 충전은 아직 구현 중입니다
2025-08-05 13:01:47,797 - ERROR - ❌ 자동충전 실패. 수동으로 충전 후 다시 실행해주세요.
2025-08-05 13:01:47,798 - INFO - 🔚 5초 후 브라우저 종료...
2025-08-05 13:02:06,960 - INFO - ✅ OCR 엔진 초기화 성공
2025-08-05 13:02:06,961 - INFO - ✅ 자동충전 기능 활성화
2025-08-05 13:02:06,961 - INFO - 🎲 로또 자동 구매 시작!
2025-08-05 13:02:06,961 - INFO - 🔧 통합 버전 (자동충전 기능 포함)
2025-08-05 13:02:08,914 - INFO - 🔐 동행복권 로그인...
2025-08-05 13:02:15,577 - INFO - ✅ ID 필드 발견: userId
2025-08-05 13:02:22,665 - INFO - ✅ 비밀번호 필드 발견: password
2025-08-05 13:02:52,162 - INFO - ✅ Enter 키로 로그인 시도
2025-08-05 13:02:57,197 - INFO - ✅ 로그인 성공!
2025-08-05 13:02:57,198 - INFO - 💰 잔액 확인...
2025-08-05 13:03:00,475 - INFO - ✅ 방법 1로 잔액 발견: 750원
2025-08-05 13:03:00,475 - INFO - 💰 잔액: 750원, 필요금액: 5,000원
2025-08-05 13:03:00,477 - INFO - 💳 자동충전 설정 확인:
2025-08-05 13:03:00,481 - INFO -   - 현재 잔액: 750원
2025-08-05 13:03:00,481 - INFO -   - 최소 잔액: 5,000원
2025-08-05 13:03:00,481 - INFO -   - 자동충전 설정: True
2025-08-05 13:03:00,481 - INFO -   - AutoRecharger 상태: Available
2025-08-05 13:03:00,481 - INFO - 💳 잔액이 5,000원 이하입니다. 자동충전을 시도합니다.
2025-08-05 13:03:00,481 - INFO - 🔄 자동충전 시작...
2025-08-05 13:03:00,482 - INFO - 💳 자동충전 시작
2025-08-05 13:03:00,482 - INFO -   - 현재 잔액: 750원
2025-08-05 13:03:00,482 - INFO -   - 충전 금액: 50,000원
2025-08-05 13:03:00,482 - INFO - 💳 간편 충전(케이뱅크) 시도 중...
2025-08-05 13:03:00,482 - INFO - 💳 간편 충전 시작: 50,000원
2025-08-05 13:03:03,632 - INFO - 💰 충전 금액 변경: 20,000원 → 50,000원
2025-08-05 13:03:03,775 - INFO - ✅ 충전하기 버튼 클릭
2025-08-05 13:03:06,787 - INFO - ✅ 팝업 창으로 전환
2025-08-05 13:03:08,788 - INFO - 🔢 OCR 키패드 자동 입력: ******
2025-08-05 13:03:10,828 - INFO - 🔢 키패드 버튼 10개 발견
2025-08-05 13:03:10,829 - INFO - 🔍 OCR로 키패드 숫자 인식 중...
2025-08-05 13:03:12,729 - INFO - 🔍 OCR 인식 완료: 9개 숫자 발견
2025-08-05 13:03:12,765 - INFO - ✅ 숫자 '1' 클릭
2025-08-05 13:03:13,311 - INFO - ✅ 숫자 '2' 클릭
2025-08-05 13:03:13,842 - INFO - ✅ 숫자 '8' 클릭
2025-08-05 13:03:14,376 - INFO - ✅ 숫자 '5' 클릭
2025-08-05 13:03:14,912 - INFO - ✅ 숫자 '0' 클릭
2025-08-05 13:03:15,446 - INFO - ✅ 숫자 '0' 클릭
2025-08-05 13:03:16,031 - WARNING - ⚠️ 확인 버튼을 찾을 수 없습니다
2025-08-05 13:03:16,031 - INFO - ⏳ 충전 처리 대기 중...
2025-08-05 13:03:46,114 - WARNING - ⚠️ 충전 완료 확인 시간 초과
2025-08-05 13:03:46,114 - ERROR - ❌ 간편 충전 실패
2025-08-05 13:03:46,118 - WARNING - ⚠️ 간편 충전 실패, 계좌이체로 대체 시도
2025-08-05 13:03:46,119 - INFO - 💳 계좌이체 충전 시작: 50,000원
2025-08-05 13:03:46,120 - WARNING - ⚠️ 계좌이체 충전은 아직 구현 중입니다
2025-08-05 13:03:46,120 - ERROR - ❌ 자동충전 실패. 수동으로 충전 후 다시 실행해주세요.
2025-08-05 13:03:46,121 - INFO - 🔚 5초 후 브라우저 종료...
2025-08-05 13:10:36,215 - INFO - ✅ OCR 엔진 초기화 성공
2025-08-05 13:10:36,215 - INFO - ✅ 자동충전 기능 활성화
2025-08-05 13:10:36,216 - INFO - 🎲 로또 자동 구매 시작!
2025-08-05 13:10:36,216 - INFO - 🔧 통합 버전 (자동충전 기능 포함)
2025-08-05 13:10:38,203 - INFO - 🔐 동행복권 로그인...
2025-08-05 13:10:42,072 - INFO - ✅ ID 필드 발견: userId
2025-08-05 13:10:45,603 - INFO - ✅ 비밀번호 필드 발견: password
2025-08-05 13:10:59,963 - INFO - ✅ Enter 키로 로그인 시도
2025-08-05 13:11:08,004 - INFO - ✅ 로그인 성공!
2025-08-05 13:11:08,004 - INFO - 💰 잔액 확인...
2025-08-05 13:11:11,279 - INFO - ✅ 방법 1로 잔액 발견: 750원
2025-08-05 13:11:11,279 - INFO - 💰 잔액: 750원, 필요금액: 5,000원
2025-08-05 13:11:11,281 - INFO - 💳 자동충전 설정 확인:
2025-08-05 13:11:11,281 - INFO -   - 현재 잔액: 750원
2025-08-05 13:11:11,281 - INFO -   - 최소 잔액: 5,000원
2025-08-05 13:11:11,281 - INFO -   - 자동충전 설정: True
2025-08-05 13:11:11,281 - INFO -   - AutoRecharger 상태: Available
2025-08-05 13:11:11,281 - INFO - 💳 잔액이 5,000원 이하입니다. 자동충전을 시도합니다.
2025-08-05 13:11:11,282 - INFO - 🔄 자동충전 시작...
2025-08-05 13:11:11,282 - INFO - 💳 자동충전 시작
2025-08-05 13:11:11,282 - INFO -   - 현재 잔액: 750원
2025-08-05 13:11:11,282 - INFO -   - 충전 금액: 20,000원
2025-08-05 13:11:11,282 - INFO - 💳 간편 충전(케이뱅크) 시도 중...
2025-08-05 13:11:11,282 - INFO - 💳 간편 충전 시작: 20,000원
2025-08-05 13:11:14,512 - INFO - 💰 충전 금액 확인: 20,000원
2025-08-05 13:11:14,611 - INFO - ✅ 충전하기 버튼 클릭
2025-08-05 13:11:17,624 - INFO - ✅ 팝업 창으로 전환
2025-08-05 13:11:19,625 - INFO - 🔢 OCR 키패드 자동 입력: ******
2025-08-05 13:11:21,668 - INFO - 🔢 키패드 버튼 10개 발견
2025-08-05 13:11:21,668 - INFO - 🔍 OCR로 키패드 숫자 인식 중...
2025-08-05 13:11:23,621 - INFO - 🔍 OCR 인식 완료: 9개 숫자 발견
2025-08-05 13:11:23,658 - INFO - ✅ 숫자 '1' 클릭
2025-08-05 13:11:24,192 - INFO - ✅ 숫자 '2' 클릭
2025-08-05 13:11:24,726 - INFO - ✅ 숫자 '8' 클릭
2025-08-05 13:11:25,257 - INFO - ✅ 숫자 '5' 클릭
2025-08-05 13:11:25,792 - INFO - ✅ 숫자 '0' 클릭
2025-08-05 13:11:26,334 - INFO - ✅ 숫자 '0' 클릭
2025-08-05 13:11:27,105 - WARNING - ⚠️ 확인 버튼을 찾을 수 없습니다
2025-08-05 13:11:27,106 - INFO - ⏳ 충전 처리 대기 중...
2025-08-05 13:11:57,181 - WARNING - ⚠️ 충전 완료 확인 시간 초과
2025-08-05 13:11:57,182 - ERROR - ❌ 간편 충전 실패
2025-08-05 13:11:57,186 - WARNING - ⚠️ 간편 충전 실패, 계좌이체로 대체 시도
2025-08-05 13:11:57,187 - INFO - 💳 계좌이체 충전 시작: 20,000원
2025-08-05 13:11:57,187 - WARNING - ⚠️ 계좌이체 충전은 아직 구현 중입니다
2025-08-05 13:11:57,188 - ERROR - ❌ 자동충전 실패. 수동으로 충전 후 다시 실행해주세요.
2025-08-05 13:11:57,189 - INFO - 🔚 5초 후 브라우저 종료...
2025-08-05 13:25:02,542 - INFO - ✅ OCR 엔진 초기화 성공
2025-08-05 13:25:02,543 - INFO - ✅ 자동충전 기능 활성화
2025-08-05 13:25:02,543 - INFO - 🎲 로또 자동 구매 시작!
2025-08-05 13:25:02,544 - INFO - 🔧 통합 버전 (자동충전 기능 포함)
2025-08-05 13:25:04,524 - INFO - 🔐 동행복권 로그인...
2025-08-05 13:25:09,558 - INFO - ✅ ID 필드 발견: userId
2025-08-05 13:25:13,111 - INFO - ✅ 비밀번호 필드 발견: password
2025-08-05 13:25:27,429 - INFO - ✅ Enter 키로 로그인 시도
2025-08-05 13:25:29,458 - INFO - ✅ 로그인 성공!
2025-08-05 13:25:29,459 - INFO - 💰 잔액 확인...
2025-08-05 13:25:32,673 - INFO - ✅ 방법 1로 잔액 발견: 20,750원
2025-08-05 13:25:32,674 - INFO - 💰 잔액: 20,750원, 필요금액: 5,000원
2025-08-05 13:25:32,675 - INFO - 💳 자동충전 설정 확인:
2025-08-05 13:25:32,676 - INFO -   - 현재 잔액: 20,750원
2025-08-05 13:25:32,676 - INFO -   - 최소 잔액: 30,000원
2025-08-05 13:25:32,676 - INFO -   - 자동충전 설정: True
2025-08-05 13:25:32,676 - INFO -   - AutoRecharger 상태: Available
2025-08-05 13:25:32,676 - INFO - 💳 잔액이 30,000원 이하입니다. 자동충전을 시도합니다.
2025-08-05 13:25:32,677 - INFO - 🔄 자동충전 시작...
2025-08-05 13:25:32,677 - INFO - 💳 자동충전 시작
2025-08-05 13:25:32,677 - INFO -   - 현재 잔액: 20,750원
2025-08-05 13:25:32,677 - INFO -   - 충전 금액: 10,000원
2025-08-05 13:25:32,677 - INFO - 💳 간편 충전(케이뱅크) 시도 중...
2025-08-05 13:25:32,677 - INFO - 💳 간편 충전 시작: 10,000원
2025-08-05 13:25:35,766 - INFO - 💰 충전 금액 변경: 20,000원 → 10,000원
2025-08-05 13:25:35,909 - INFO - ✅ 충전하기 버튼 클릭
2025-08-05 13:25:38,918 - INFO - ✅ 팝업 창으로 전환
2025-08-05 13:25:40,919 - INFO - 🔢 가상 키패드 비밀번호 입력: ******
2025-08-05 13:25:42,956 - INFO - 🔢 키패드 버튼 10개 발견
2025-08-05 13:25:42,957 - INFO - 🔍 OCR로 키패드 숫자 인식 중...
2025-08-05 13:25:44,893 - INFO - 🔍 OCR 인식 완료: 9개 숫자 발견
2025-08-05 13:25:44,928 - INFO - ✅ 숫자 '1' 클릭
2025-08-05 13:25:45,461 - INFO - ✅ 숫자 '2' 클릭
2025-08-05 13:25:45,997 - INFO - ✅ 숫자 '8' 클릭
2025-08-05 13:25:46,533 - INFO - ✅ 숫자 '5' 클릭
2025-08-05 13:25:47,067 - INFO - ✅ 숫자 '0' 클릭
2025-08-05 13:25:47,606 - INFO - ✅ 숫자 '0' 클릭
2025-08-05 13:25:48,107 - INFO - ✅ 6자리 비밀번호 입력 완료 - 자동 충전 시작
2025-08-05 13:25:50,108 - INFO - ⏳ 팝업창 닫힘 및 충전 처리 대기...
2025-08-05 13:26:00,153 - INFO - ✅ 메인 창으로 복귀
2025-08-05 13:26:00,153 - INFO - 💰 충전 완료 확인을 위해 잔액 재확인 중...
2025-08-05 13:30:49,823 - WARNING - Retrying (Retry(total=2, connect=None, read=None, redirect=None, status=None)) after connection broken by 'NewConnectionError('<urllib3.connection.HTTPConnection object at 0x0000024F6E052350>: Failed to establish a new connection: [WinError 10061] 대상 컴퓨터에서 연결을 거부했으므로 연결하지 못했습니다')': /session/49c2421a63ed899549b3040f8c36ab2e/url
2025-08-05 13:30:56,204 - WARNING - Retrying (Retry(total=2, connect=None, read=None, redirect=None, status=None)) after connection broken by 'NewConnectionError('<urllib3.connection.HTTPConnection object at 0x0000024F6DDC3950>: Failed to establish a new connection: [WinError 10061] 대상 컴퓨터에서 연결을 거부했으므로 연결하지 못했습니다')': /session/49c2421a63ed899549b3040f8c36ab2e/elements
2025-08-05 13:31:00,287 - WARNING - Retrying (Retry(total=1, connect=None, read=None, redirect=None, status=None)) after connection broken by 'NewConnectionError('<urllib3.connection.HTTPConnection object at 0x0000024F6DDC3A80>: Failed to establish a new connection: [WinError 10061] 대상 컴퓨터에서 연결을 거부했으므로 연결하지 못했습니다')': /session/49c2421a63ed899549b3040f8c36ab2e/elements
2025-08-05 13:31:04,338 - WARNING - Retrying (Retry(total=0, connect=None, read=None, redirect=None, status=None)) after connection broken by 'NewConnectionError('<urllib3.connection.HTTPConnection object at 0x0000024F6E06AE70>: Failed to establish a new connection: [WinError 10061] 대상 컴퓨터에서 연결을 거부했으므로 연결하지 못했습니다')': /session/49c2421a63ed899549b3040f8c36ab2e/elements
2025-08-05 13:31:12,506 - WARNING - Retrying (Retry(total=2, connect=None, read=None, redirect=None, status=None)) after connection broken by 'NewConnectionError('<urllib3.connection.HTTPConnection object at 0x0000024F6E026BE0>: Failed to establish a new connection: [WinError 10061] 대상 컴퓨터에서 연결을 거부했으므로 연결하지 못했습니다')': /session/49c2421a63ed899549b3040f8c36ab2e/elements
2025-08-05 13:31:16,590 - WARNING - Retrying (Retry(total=1, connect=None, read=None, redirect=None, status=None)) after connection broken by 'NewConnectionError('<urllib3.connection.HTTPConnection object at 0x0000024F6E026F10>: Failed to establish a new connection: [WinError 10061] 대상 컴퓨터에서 연결을 거부했으므로 연결하지 못했습니다')': /session/49c2421a63ed899549b3040f8c36ab2e/elements
